Flow report for SD
Mon Dec 26 20:47:54 2022
Quartus II 32-bit Version 13.1.0 Build 162 10/23/2013 SJ Web Edition


---------------------
; Table of Contents ;
---------------------
  1. Legal Notice
  2. Flow Summary
  3. Flow Settings
  4. Flow Non-Default Global Settings
  5. Flow Elapsed Time
  6. Flow OS Summary
  7. Flow Log
  8. Flow Messages
  9. Flow Suppressed Messages



----------------
; Legal Notice ;
----------------
Copyright (C) 1991-2013 Altera Corporation
Your use of Altera Corporation's design tools, logic functions 
and other software and tools, and its AMPP partner logic 
functions, and any output files from any of the foregoing 
(including device programming or simulation files), and any 
associated documentation or information are expressly subject 
to the terms and conditions of the Altera Program License 
Subscription Agreement, Altera MegaCore Function License 
Agreement, or other applicable license agreement, including, 
without limitation, that your use is for the sole purpose of 
programming logic devices manufactured by Altera and sold by 
Altera or its authorized distributors.  Please refer to the 
applicable agreement for further details.



+---------------------------------------------------------------------------------+
; Flow Summary                                                                    ;
+------------------------------------+--------------------------------------------+
; Flow Status                        ; Successful - Mon Dec 26 20:47:54 2022      ;
; Quartus II 32-bit Version          ; 13.1.0 Build 162 10/23/2013 SJ Web Edition ;
; Revision Name                      ; SD                                         ;
; Top-level Entity Name              ; SD                                         ;
; Family                             ; Cyclone IV GX                              ;
; Total logic elements               ; 3 / 14,400 ( < 1 % )                       ;
;     Total combinational functions  ; 3 / 14,400 ( < 1 % )                       ;
;     Dedicated logic registers      ; 2 / 14,400 ( < 1 % )                       ;
; Total registers                    ; 2                                          ;
; Total pins                         ; 4 / 81 ( 5 % )                             ;
; Total virtual pins                 ; 0                                          ;
; Total memory bits                  ; 0 / 552,960 ( 0 % )                        ;
; Embedded Multiplier 9-bit elements ; 0                                          ;
; Total GXB Receiver Channel PCS     ; 0 / 2 ( 0 % )                              ;
; Total GXB Receiver Channel PMA     ; 0 / 2 ( 0 % )                              ;
; Total GXB Transmitter Channel PCS  ; 0 / 2 ( 0 % )                              ;
; Total GXB Transmitter Channel PMA  ; 0 / 2 ( 0 % )                              ;
; Total PLLs                         ; 0 / 3 ( 0 % )                              ;
; Device                             ; EP4CGX15BF14C6                             ;
; Timing Models                      ; Final                                      ;
+------------------------------------+--------------------------------------------+


+-----------------------------------------+
; Flow Settings                           ;
+-------------------+---------------------+
; Option            ; Setting             ;
+-------------------+---------------------+
; Start date & time ; 12/26/2022 20:43:43 ;
; Main task         ; Compilation         ;
; Revision Name     ; SD                  ;
+-------------------+---------------------+


+------------------------------------------------------------------------------------------------------------------------------------------------+
; Flow Non-Default Global Settings                                                                                                               ;
+-------------------------------------+-----------------------------------------------------------+---------------+-------------+----------------+
; Assignment Name                     ; Value                                                     ; Default Value ; Entity Name ; Section Id     ;
+-------------------------------------+-----------------------------------------------------------+---------------+-------------+----------------+
; COMPILER_SIGNATURE_ID               ; 8796749320004.167205862303668                             ; --            ; --          ; --             ;
; EDA_OUTPUT_DATA_FORMAT              ; Vhdl                                                      ; --            ; --          ; eda_simulation ;
; EDA_SIMULATION_TOOL                 ; ModelSim-Altera (VHDL)                                    ; <None>        ; --          ; --             ;
; PARTITION_COLOR                     ; 16764057                                                  ; --            ; --          ; Top            ;
; PARTITION_FITTER_PRESERVATION_LEVEL ; PLACEMENT_AND_ROUTING                                     ; --            ; --          ; Top            ;
; PARTITION_NETLIST_TYPE              ; SOURCE                                                    ; --            ; --          ; Top            ;
; PROJECT_OUTPUT_DIRECTORY            ; output_files                                              ; --            ; --          ; --             ;
; SEARCH_PATH                         ; c:\altera\13.1\lab2\lab2_1\ntuee_logicdesign_lib\elements ; --            ; --          ; --             ;
+-------------------------------------+-----------------------------------------------------------+---------------+-------------+----------------+


+-------------------------------------------------------------------------------------------------------------------------------+
; Flow Elapsed Time                                                                                                             ;
+---------------------------+--------------+-------------------------+---------------------+------------------------------------+
; Module Name               ; Elapsed Time ; Average Processors Used ; Peak Virtual Memory ; Total CPU Time (on all processors) ;
+---------------------------+--------------+-------------------------+---------------------+------------------------------------+
; Analysis & Synthesis      ; 00:00:01     ; 1.0                     ; 395 MB              ; 00:00:01                           ;
; Fitter                    ; 00:00:06     ; 1.0                     ; 601 MB              ; 00:00:05                           ;
; Assembler                 ; 00:00:01     ; 1.0                     ; 396 MB              ; 00:00:01                           ;
; TimeQuest Timing Analyzer ; 00:00:03     ; 1.0                     ; 393 MB              ; 00:00:02                           ;
; EDA Netlist Writer        ; 00:00:00     ; 1.0                     ; 344 MB              ; 00:00:01                           ;
; EDA Netlist Writer        ; 00:00:00     ; 1.0                     ; 357 MB              ; 00:00:00                           ;
; EDA Netlist Writer        ; 00:00:01     ; 1.0                     ; 360 MB              ; 00:00:00                           ;
; EDA Netlist Writer        ; 00:00:01     ; 1.0                     ; 357 MB              ; 00:00:00                           ;
; EDA Netlist Writer        ; 00:00:01     ; 1.0                     ; 361 MB              ; 00:00:01                           ;
; Total                     ; 00:00:14     ; --                      ; --                  ; 00:00:11                           ;
+---------------------------+--------------+-------------------------+---------------------+------------------------------------+


+----------------------------------------------------------------------------------------+
; Flow OS Summary                                                                        ;
+---------------------------+------------------+-----------+------------+----------------+
; Module Name               ; Machine Hostname ; OS Name   ; OS Version ; Processor type ;
+---------------------------+------------------+-----------+------------+----------------+
; Analysis & Synthesis      ; SCLD-user-PC     ; Windows 7 ; 6.1        ; i686           ;
; Fitter                    ; SCLD-user-PC     ; Windows 7 ; 6.1        ; i686           ;
; Assembler                 ; SCLD-user-PC     ; Windows 7 ; 6.1        ; i686           ;
; TimeQuest Timing Analyzer ; SCLD-user-PC     ; Windows 7 ; 6.1        ; i686           ;
; EDA Netlist Writer        ; SCLD-user-PC     ; Windows 7 ; 6.1        ; i686           ;
; EDA Netlist Writer        ; SCLD-user-PC     ; Windows 7 ; 6.1        ; i686           ;
; EDA Netlist Writer        ; SCLD-user-PC     ; Windows 7 ; 6.1        ; i686           ;
; EDA Netlist Writer        ; SCLD-user-PC     ; Windows 7 ; 6.1        ; i686           ;
; EDA Netlist Writer        ; SCLD-user-PC     ; Windows 7 ; 6.1        ; i686           ;
+---------------------------+------------------+-----------+------------+----------------+


------------
; Flow Log ;
------------
quartus_map --read_settings_files=on --write_settings_files=off SD -c SD
quartus_fit --read_settings_files=off --write_settings_files=off SD -c SD
quartus_asm --read_settings_files=off --write_settings_files=off SD -c SD
quartus_sta SD -c SD
quartus_eda --read_settings_files=off --write_settings_files=off SD -c SD
quartus_eda --gen_testbench --check_outputs=on --tool=modelsim_oem --format=verilog SD -c SD --vector_source=C:/altera/13.1/Lab2/Lab2_1/Lab2_1.vwf --testbench_file=C:/altera/13.1/Lab2/Lab2_1/simulation/qsim/Lab2_1.vwf.vt
quartus_eda --functional=on --flatten_buses=off --simulation=on --tool=modelsim_oem --format=verilog --output_directory=C:/altera/13.1/Lab2/Lab2_1/simulation/qsim/ SD -c SD
quartus_eda --gen_testbench --check_outputs=on --tool=modelsim_oem --format=verilog SD -c SD --vector_source=C:/altera/13.1/Lab2/Lab2_1/Lab2_1.vwf --testbench_file=C:/altera/13.1/Lab2/Lab2_1/simulation/qsim/Lab2_1.vwf.vt
quartus_eda --functional=off --flatten_buses=off --timescale=1ps --simulation=on --tool=modelsim_oem --format=verilog --output_directory=C:/altera/13.1/Lab2/Lab2_1/simulation/qsim/ SD -c SD



